<?xml version="1.0" encoding="UTF-8"?>
<!-- Generated by org.testng.reporters.JUnitReportReporter -->
<testsuite hostname="Lenovo" failures="0" tests="1" name="testCases.TC001_Login_Test" time="4.834" errors="0" timestamp="2025-03-13T21:09:02 IST" skipped="0">
  <testcase classname="testCases.TC001_Login_Test" name="verify_login" time="4.834"/>
</testsuite> <!-- testCases.TC001_Login_Test -->
